<?xml version="1.0" encoding="UTF-8"?>
<!-- Generated by org.testng.reporters.JUnitXMLReporter -->
<testsuite hostname="asda0101" ignored="0" name="test 1" tests="3" failures="0" timestamp="12 Jul 2018 08:36:06 GMT" time="17.074" errors="0">
  <testcase name="testinvalidlogin" time="1.887" classname="com.qait.automation.parallelone.NewTest"/>
  <testcase name="testinvalidlogin" time="1.887" classname="com.qait.automation.parallelone.NewTest2"/>
  <testcase name="testvalidlogin" time="8.553" classname="com.qait.automation.parallelone.NewTest"/>
</testsuite> <!-- test 1 -->
